2018-04-03 10:05:07.203  INFO 24 --- [o-18900-exec-22] com.gosuncn.common.utils.IpHelperUtil    : qiao
2018-04-03 10:05:07.203  INFO 24 --- [o-18900-exec-22] com.gosuncn.common.utils.IpHelperUtil    : qiao
2018-04-03 10:05:07.203  INFO 24 --- [o-18900-exec-22] com.gosuncn.common.utils.IpHelperUtil    : qiao
2018-04-03 05:09:38.228  INFO 24 --- [o-18900-exec-11] com.gosuncn.common.utils.IpHelperUtil    : x-forwarded-for[null]
2018-04-03 05:09:38.229  INFO 24 --- [o-18900-exec-11] com.gosuncn.common.utils.IpHelperUtil    : Proxy-Client-IP[null]
2018-04-03 05:09:38.229  INFO 24 --- [o-18900-exec-11] com.gosuncn.common.utils.IpHelperUtil    : WL-Proxy-Client-IP[null]
2018-04-03 05:09:38.229  INFO 24 --- [o-18900-exec-11] com.gosuncn.common.utils.IpHelperUtil    : RemoteAddr[192.168.35.87]
2018-04-03 05:09:38.230  INFO 24 --- [o-18900-exec-11] com.gosuncn.common.utils.IpHelperUtil    : IP[192.168.35.87]
2018-04-03 10:05:07.203  INFO 24 --- [o-18900-exec-22] com.gosuncn.common.utils.IpHelperUtil    : qiao hello
2018-04-03 10:25:07.203  INFO 24 --- [o-18900-exec-22] com.gosuncn.common.utils.IpHelperUtil    : qiao hello2
2018-04-03 10:35:07.203  INFO 24 --- [o-18900-exec-22] com.gosuncn.common.utils.IpHelperUtil    : qiao hello3
2018-04-04 10:05:07.203  INFO 24 --- [o-18900-exec-22] com.gosuncn.common.utils.IpHelperUtil    : qiao hello
2018-04-04 10:25:07.203  INFO 24 --- [o-18900-exec-22] com.gosuncn.common.utils.IpHelperUtil    : qiao hello2
2018-04-04 10:35:07.203  INFO 24 --- [o-18900-exec-22] com.gosuncn.common.utils.IpHelperUtil    : qiao hello3
man woman boy girl haha hello world logs demo
man woman boy girl haha hello world logs demo
man woman boy girl haha hello world logs demo
man woman boy girl haha hello world logs demo
man woman boy girl haha hello world logs demo
man woman boy girl haha hello world logs demo
man woman boy girl haha hello world logs demo
man woman boy girl haha hello world logs demo
man woman boy girl haha hello world logs demo
man woman boy girl haha hello world logs demo
man woman boy girl haha hello world logs demo
man woman boy girl haha hello world logs demo
man woman boy girl haha hello world logs demo
man woman boy girl haha hello world logs demo
man woman boy girl haha hello world logs demo
man woman boy girl haha hello world logs demo
hello
hello
hello
hello
hello
hello
hello
hahahahahahahhahahahahhhhhhhhhhhhhhhhhhhhhhhhhhhhhhhhhhhhhhhh
why 
haha not sure the quote add each one or contains all
hellp
 ========================================================================================================= 
---------------------------------------000000000000000000000000000000000000000000000000000000000000000---------------------------
---------------------------------------000000000000000000000000000000000000000000000000000000000000000---------------------------
---------------------------------------000000000000000000000000000000000000000000000000000000000000000---------------------------
uhkukyhuoiilmk.oiopo
 hello @@@@@@@@@@@@@@@@@@@@@@@@@@@@@@@@@@@@@@@@@@@@@@@@@@@@@@@@@@@@@@@@@@@@@@@@@@@@@@@
18523185231852318523$%%%%%%%%%%%%%%%%%%%%%%%%%%%%%%%%%%%%%%%%%%%%%%%%%%%%%%%%%%%%%%%%%%%%%%%%%%%%%%%%%%%%%%%%%%%%%%%%%%
18523185231852318523$%%%%%%%%%%%%%%%%%%%%%%%%%%%%%%%%%%%%%%%%%%%%%%%%%%%%%%%%%%%%%%%%%%%%%%%%%%%%%%%%%%%%%%%%%%%%%%%%%%
18523185231852318523$%%%%%%%%%%%%%%%%%%%%%%%%%%%%%%%%%%%%%%%%%%%%%%%%%%%%%%%%%%%%%%%%%%%%%%%%%%%%%%%%%%%%%%%%%%%%%%%%%%
18523185231852318523$%%%%%%%%%%%%%%%%%%%%%%%%%%%%%%%%%%%%%%%%%%%%%%%%%%%%%%%%%%%%%%%%%%%%%%%%%%%%%%%%%%%%%%%%%%%%%%%%%%
18523185231852318523$%%%%%%%%%%%%%%%%%%%%%%%%%%%%%%%%%%%%%%%%%%%%%%%%%%%%%%%%%%%%%%%%%%%%%%%%%%%%%%%%%%%%%%%%%%%%%%%%%%
18523185231852318523$%%%%%%%%%%%%%%%%%%%%%%%%%%%%%%%%%%%%%%%%%%%%%%%%%%%%%%%%%%%%%%%%%%%%%%%%%%%%%%%%%%%%%%%%%%%%%%%%%%
18523185231852318523$%%%%%%%%%%%%%%%%%%%%%%%%%%%%%%%%%%%%%%%%%%%%%%%%%%%%%%%%%%%%%%%%%%%%%%%%%%%%%%%%%%%%%%%%%%%%%%%%%%
18523185231852318523$%%%%%%%%%%%%%%%%%%%%%%%%%%%%%%%%%%%%%%%%%%%%%%%%%%%%%%%%%%%%%%%%%%%%%%%%%%%%%%%%%%%%%%%%%%%%%%%%%%
18523185231852318523$%%%%%%%%%%%%%%%%%%%%%%%%%%%%%%%%%%%%%%%%%%%%%%%%%%%%%%%%%%%%%%%%%%%%%%%%%%%%%%%%%%%%%%%%%%%%%%%%%%
18523185231852318523$%%%%%%%%%%%%%%%%%%%%%%%%%%%%%%%%%%%%%%%%%%%%%%%%%%%%%%%%%%%%%%%%%%%%%%%%%%%%%%%%%%%%%%%%%%%%%%%%%%
18523185231852318523$%%%%%%%%%%%%%%%%%%%%%%%%%%%%%%%%%%%%%%%%%%%%%%%%%%%%%%%%%%%%%%%%%%%%%%%%%%%%%%%%%%%%%%%%%%%%%%%%%%
18523185231852318523$%%%%%%%%%%%%%%%%%%%%%%%%%%%%%%%%%%%%%%%%%%%%%%%%%%%%%%%%%%%%%%%%%%%%%%%%%%%%%%%%%%%%%%%%%%%%%%%%%%
18523185231852318523$%%%%%%%%%%%%%%%%%%%%%%%%%%%%%%%%%%%%%%%%%%%%%%%%%%%%%%%%%%%%%%%%%%%%%%%%%%%%%%%%%%%%%%%%%%%%%%%%%%
18523185231852318523$%%%%%%%%%%%%%%%%%%%%%%%%%%%%%%%%%%%%%%%%%%%%%%%%%%%%%%%%%%%%%%%%%%%%%%%%%%%%%%%%%%%%%%%%%%%%%%%%%%
2018-04-03 10:35:07.203  INFO 24 --- [o-18900-exec-22] com.gosuncn.common.utils.IpHelperUtil    : qiao hello3
2018-04-04 10:05:07.203  INFO 24 --- [o-18900-exec-22] com.gosuncn.common.utils.IpHelperUtil    : qiao hello
2018-04-04 10:25:07.203  INFO 24 --- [o-18900-exec-22] com.gosuncn.common.utils.IpHelperUtil    : qiao hello2
2018-04-04 10:35:07.203  INFO 24 --- [o-18900-exec-22] com.gosuncn.common.utils.IpHelperUtil    : qiao hello3
2018-03-15 10:35:23.232  ERROR 24 --- [xxxxxxxxxx] com.tyrantqiao.end : qiao's error hope you can find
2018-04-03 10:35:07.203  INFO 24 --- [o-18900-exec-22] com.qiaoqiaoqiaoqiaoq    : 555555555555555555555555555555555555555555555555555555555555
2018-04-04 10:05:07.203  INFO 24 --- [o-18900-exec-22] com.gosuncn.common.utils.IpHelperUtil    : qiao hello
2018-04-04 10:25:07.203  INFO 24 --- [o-18900-exec-22] com.gosuncn.common.utils.IpHelperUtil    : qiao hello2
2018-04-04 10:35:07.203  INFO 24 --- [o-18900-exec-22] com.gosuncn.common.utils.IpHelperUtil    : qiao hello3
2018-03-15 10:35:23.232  ERROR 24 --- [xxxxxxxxxx] com.tyrantqiao.end : qiao's error hope you can find
2018-04-02 10:35:07.203  INFO 24 --- [o-1892] com.qiaoqiaoqiaoqiaoq    : 555555555555555555555555555555555555555555555555555555555555
2018-04-04 10:05:07.203  INFO 24 --- [o-18900-exec-22] com.gosuncn.common.utils.IpHelperUtil    : qiao hello
2018-04-04 10:25:07.203  INFO 24 --- [o-18900-exec-22] com.gosuncn.common.utils.IpHelperUtil    : qiao hello2
2018-04-04 10:35:07.203  INFO 24 --- [o-18900-exec-22] com.gosuncn.common.utils.IpHelperUtil    : qiao hello3
2018-03-15 10:35:23.232  ERROR 24 --- [xxxxxxxxxx] com.tyrantqiao.end : qiao's error hope you can find
2018-02-15 12:35:23.232  ERROR 24 --- [xxx.55555xxx] com.tyrantqiao.end : run docker's filebeat
2018-12-15 12:35:23.232  ERROR 24 --- [xxx.555552xxx] com.ty2rantqiao.end : run 2docker's filebeat
2018-12-14 12:55:23.232  ERROR 24 --- [xx5x.5555552xxx] com.ty2ra5ntqiao.end : run 2dock55er's filebeat
2018-2-14 12:55:23.232  ERROR 24 --- [main] com.ty2ra5ntqiao.end : 5555555555555555555555
2018-3-14 12:55:23.232  ERROR 24 --- [main] com.ty2ra5ntqiao.end : 4444444444444445555555
2018-4-14 12:55:23.232  ERROR 24 --- [main] com.ty2ra5ntqiao.end : 444422222222222222222255
2018-5-24 12:55:23.232  ERROR 24 --- [main] com.ty2ra5ntqiao.end : 66666666666666666666666
2018-5-24 6:55:23.232  ERROR 24 --- [main] com.ty2ra5ntqiao.end : 222222222222222222222222222

2018-04-04 10:05:07.203  INFO 24 --- [o-18900-exec-22] com.gosuncn.common.utils.IpHelperUtil    : qiao hello


2018-04-03 05:09:38.229  INFO 24 --- [o-18900-exec-11] com.gosuncn.common.utils.IpHelperUtil    : RemoteAddr[192.168.35.87]
2018-04-29 05:09:37.228  INFO 24 --- [o-ddddd-eee-22] com.tyrantqiao   : hello0000000000000000000000000000000000000000000000000000000000000000

2018-08-08 05:09:38.229  INFO 24 --- [o-18900-exec-11] com.gosuncn.common.utils.IpHelperUtil    : RemoteAd9999999999999dr[192.168.35.87]
2018-07-29 05:09:37.228  INFO 24 --- [o-ddddd-eee-22] com.tyrantqiao   : hello000006666666660000000000000000000000000000000000000000000000000

2018-08-08 05:09:38.229  INFO 24 --- [o-18900-exec-11] com.gosuncn.common.utils.IpHelperUtil    : RemoteAd9999999999999dr[192.168.35.87]
2018-07-29 05:09:37.228  INFO 24 --- [o-ddddd-eee-22] com.tyrantqiao   : hello000006666666660000000000000000000000000000000000000000000000000

2018-08-08 05:09:38.229  INFO 24 --- [o-18900-exec-11] com.gosuncn.common.utils.IpHelperUtil    : RemoteAd9999999999999dr[192.168.35.87]
2018-07-29 05:09:37.228  INFO 24 --- [o-ddddd-eee-22] com.tyrantqiao   : hello000006666666660000000000000000000000000000000000000000000000000

2018-08-08 05:09:38.229  INFO 24 --- [o-18900-exec-11] com.gosuncn.common.utils.IpHelperUtil    : RemoteAd9999999999999dr[192.168.35.87]
2018-07-29 05:09:37.228  INFO 24 --- [o-ddddd-eee-22] com.tyrantqiao   : hello000006666666660000000000000000000000000000000000000000000000000

2018-08-08 05:09:38.229  INFO 24 --- [o-18900-exec-11] com.gosuncn.common.utils.IpHelperUtil    : RemoteAd9999999999999dr[192.168.35.87]
2018-07-29 05:09:37.228  INFO 24 --- [o-ddddd-eee-22] com.tyrantqiao   : hello000006666666660000000000000000000000000000000000000000000000000
