try one more 
hello 
let's rock the load 
no space then how 
 no group_event will ?
 now is false will it succeed ?
 now is false will it succeed ?
 now is false will it succeed ?
 now is false will it succeed ?
 enable system will cause ...........
 enable system will cause ...........
 enable system will cause ...........
 enable system will cause ...........
 enable system will cause ...........
 enable system will cause ...........
 enable system will cause ...........
 enable system will cause ...........
 enable system will cause ...........
3333333333333333333333333333333333
3333333333333333333333333333333333
&&&&&&&&&&&&&&&&&&&&&&&&&&&&&&&&&&&&&&&&&&&&&&&&&&&&&&&&&&&&&&
