why???????????????????????
why???????????????????????
why???????????????????????
why???????????????????????
why???????????????????????
why???????????????????????
why you so angrylslslslslslslslslslslslslslslslslslslslslslslslslsls
weiweiweiweiwiewieiweiwiew
hello helo hel he h he hel hell hello
hello ssssssssssssssssssssssss
hello 
hello 
hello 
hello
whywhywhwywhywhywhwy
testtesttest

2018-04-04 10:35:07.203  INFO 24 --- [o-18900-exec-22] com.gosuncn.common.utils.IpHelperUtil    : qiao hello3
2018-01-01 10:23:25.203  INFO 24 --- [ddddd] com.tyrantqiao : qiao gekko 

2018-04-04 10:35:07.203  INFO 24 --- [o-18900-exec-22] com.gosuncn.common.utils.IpHelperUtil    : qiao hello3
2018-01-01 10:23:25.203  INFO 24 --- [ddddd] com.tyrantqiao : qiao gekko 

2018-05-04 10:35:07.203  INFO 24 --- [o-18900-exec-22] com.gosuncn.common.utils.IpHelperUtil    : qiao hello3
2018-02-01 10:23:25.203  INFO 24 --- [ddddd] com.tyrantqiao : qiao gekko 

2018-04-04 10:35:07.203  INFO 24 --- [o-18900-exec-22] com.gosuncn.common.utils.IpHelperUtil    : qiao hello3
2018-06-25 10:22:22.200  INFO 24 --- [dddsxw] com.tyrantqiao  : hello guys ))))))))))))))))))))))))))))))))))))))))))))))))))))))))

2018-05-04 10:35:07.203  INFO 24 --- [o-1890c-22] com.gosuncn.coUtil    : qiao@@@@@@@@@@@@@@@@@@@@@@@@@@@@@@@@@@@@@@@@@@@@@@@@@@@@@@@@@@@ hello3
2018-06-25 10:22:22.200  INFO 24 --- [dddsxw] com.tyrantqiao  : hello guys ))))))))))))))))))))))))))))))))))))))))))))))))))))))))

2018-05-04 10:35:07.203  INFO 24 --- [o-1890c-22] com.gosuncn.coUtil    : qiao@@@@@@@@@@@@@@@@@@@@@@@@@@@@@@@@@@@@@@@@@@@@@@@@@@@@@@@@@@@ hello3
2018-06-25 10:22:22.200  INFO 24 --- [dddsxw] com.tyrantqiao  : hello guys ))))))))))))))))))))))))))))))))))))))))))))))))))))))))

2018-04-04 10:35:07.203  INFO 24 --- [o-1890c-22] comosuncn.coUtil    : qi@@@@@@@@@@@@@@@@@@@@@@@@@@@@@@@@@@@@@@@@@@@@@@ hello3
2018-04-25 10:22:22.200  INFO 24 --- [dddsxw] com.tyraniao  : hello g))))))))))))))))))))))))))))))))))))))))

2018-04-04 10:35:07.203  INFO 24 --- [o-1890c-22] comosuncn.coUtil    : qi@@@@@@@@@@@@@@@@@@@@@@@@@@@@@@@@@@@@@@@@@@@@@@ hello3
2018-04-25 10:22:22.200  INFO 24 --- [dddsxw] com.tyraniao  : hello g))))))))))))))))))))))))))))))))))))))))

2018-04-04 10:35:07.203  INFO 24 --- [o-1890c-22] comosuncn.coUtil    : qi@@@@@@@@@@@@@@@@@@@@@@@@@@@@@@@@@@@@@@@@@@@@@@ hello3
2018-04-25 10:22:22.200  INFO 24 --- [dddsxw] com.tyraniao  : hello g))))))))))))))))))))))))))))))))))))))))

2018-04-04 10:35:07.203  INFO 24 --- [o-1890c-22] comosuncn.coUtil    : qi@@@@@@@@@@@@@@@@@@@@@@@@@@@@@@@@@@@@@@@@@@@@@@ hello3
2018-04-25 10:22:22.200  INFO 24 --- [dddsxw] com.tyraniao  : hello g))))))))))))))))))))))))))))))))))))))))

2018-04-04 10:35:07.203  INFO 24 --- [o-1890c-22] comosuncn.coUtil    : qi@@@@@@@@@@@@@@@@@@@@@@@@@@@@@@@@@@@@@@@@@@@@@@ hello3
2018-04-25 10:22:22.200  INFO 24 --- [dddsxw] com.tyraniao  : hello g))))))))))))))))))))))))))))))))))))))))

2018-04-04 10:35:07.203  INFO 24 --- [o-1890c-22] comosuncn.coUtil    : qi@@@@@@@@@@@@@@@@@@@@@@@@@@@@@@@@@@@@@@@@@@@@@@ hello3
2018-04-25 10:22:22.200  INFO 24 --- [dddsxw] com.tyraniao  : hello g))))))))))))))))))))))))))))))))))))))))

2018-04-04 06:35:07.203  INFO 24 --- [o-1890c-22] comosuncn.coUtil    : qi@@@@@@@@@@7676767898868968@@@@@@@@@@@@@@@ hello3
2018-04-25 05:22:22.200  INFO 24 --- [dddsxw] com.tyraniao  : he6666666666666666666666666666666)))))))))

2018-05-04 06:35:07.203  INFO 24 --- [o-1890c-22] comosuncn.coUtil    : qi@@@@@@@@@@7676767898868968@@@@@@@@@@@@@@@ hello3
2018-06-25 05:22:22.200  INFO 24 --- [dddsxw] com.tyraniao  : he6666666666666666666666666666666)))))))))
