2018-06-23 00:00:04,936 - [INFO] - from kafka.manager.actor.KafkaManagerActor in kafka-manager-system-akka.actor.default-dispatcher-128282 
Updating internal state...

2018-06-23 00:00:14,935 - [INFO] - from kafka.manager.actor.KafkaManagerActor in kafka-manager-system-akka.actor.default-dispatcher-128280 
Updating internal state...

2018-06-23 00:00:24,936 - [INFO] - from kafka.manager.actor.KafkaManagerActor in kafka-manager-system-akka.actor.default-dispatcher-128280 
Updating internal state...

2018-06-23 00:00:25,027 - [INFO] - from kafka.manager.actor.cluster.BrokerViewCacheActor in kafka-manager-system-akka.actor.default-dispatcher-128284 
Updating broker view...

2018-06-23 00:00:25,027 - [INFO] - from kafka.manager.logkafka.LogkafkaViewCacheActor in kafka-manager-system-akka.actor.default-dispatcher-128284 
Updating logkafka view...

2018-06-23 00:00:34,936 - [INFO] - from kafka.manager.actor.KafkaManagerActor in kafka-manager-system-akka.actor.default-dispatcher-128283 
Updating internal state...

2018-06-23 00:00:44,935 - [INFO] - from kafka.manager.actor.KafkaManagerActor in kafka-manager-system-akka.actor.default-dispatcher-128283 
Updating internal state...

2018-06-23 00:00:54,935 - [INFO] - from kafka.manager.actor.KafkaManagerActor in kafka-manager-system-akka.actor.default-dispatcher-128283 
Updating internal state...

2018-06-23 00:00:55,025 - [INFO] - from kafka.manager.actor.cluster.BrokerViewCacheActor in kafka-manager-system-akka.actor.default-dispatcher-128280 
Updating broker view...

2018-06-23 00:00:55,025 - [INFO] - from kafka.manager.logkafka.LogkafkaViewCacheActor in kafka-manager-system-akka.actor.default-dispatcher-128284 
Updating logkafka view...

2018-06-23 00:01:04,936 - [INFO] - from kafka.manager.actor.KafkaManagerActor in kafka-manager-system-akka.actor.default-dispatcher-128292 
Updating internal state...

2018-06-23 00:01:14,937 - [INFO] - from kafka.manager.actor.KafkaManagerActor in kafka-manager-system-akka.actor.default-dispatcher-128289 
Updating internal state...

2018-06-23 00:01:24,936 - [INFO] - from kafka.manager.actor.KafkaManagerActor in kafka-manager-system-akka.actor.default-dispatcher-128283 
Updating internal state...

2018-06-23 00:01:25,026 - [INFO] - from kafka.manager.actor.cluster.BrokerViewCacheActor in kafka-manager-system-akka.actor.default-dispatcher-128280 
Updating broker view...

2018-06-23 00:01:25,028 - [INFO] - from kafka.manager.logkafka.LogkafkaViewCacheActor in kafka-manager-system-akka.actor.default-dispatcher-128293 
Updating logkafka view...

2018-06-23 00:01:34,936 - [INFO] - from kafka.manager.actor.KafkaManagerActor in kafka-manager-system-akka.actor.default-dispatcher-128283 
Updating internal state...

2018-06-23 00:01:44,935 - [INFO] - from kafka.manager.actor.KafkaManagerActor in kafka-manager-system-akka.actor.default-dispatcher-128287 
Updating internal state...

2018-06-23 00:01:54,936 - [INFO] - from kafka.manager.actor.KafkaManagerActor in kafka-manager-system-akka.actor.default-dispatcher-128296 
Updating internal state...

2018-06-23 00:01:55,026 - [INFO] - from kafka.manager.actor.cluster.BrokerViewCacheActor in kafka-manager-system-akka.actor.default-dispatcher-128280 
Updating broker view...

2018-06-23 00:01:55,026 - [INFO] - from kafka.manager.logkafka.LogkafkaViewCacheActor in kafka-manager-system-akka.actor.default-dispatcher-128290 
Updating logkafka view...

2018-06-23 00:02:04,936 - [INFO] - from kafka.manager.actor.KafkaManagerActor in kafka-manager-system-akka.actor.default-dispatcher-128280 
Updating internal state...

2018-06-23 00:02:14,936 - [INFO] - from kafka.manager.actor.KafkaManagerActor in kafka-manager-system-akka.actor.default-dispatcher-128280 
Updating internal state...

2018-06-23 00:02:24,936 - [INFO] - from kafka.manager.actor.KafkaManagerActor in kafka-manager-system-akka.actor.default-dispatcher-128298 
Updating internal state...

2018-06-23 00:02:25,027 - [INFO] - from kafka.manager.actor.cluster.BrokerViewCacheActor in kafka-manager-system-akka.actor.default-dispatcher-128290 
Updating broker view...

2018-06-23 00:02:25,031 - [INFO] - from kafka.manager.logkafka.LogkafkaViewCacheActor in kafka-manager-system-akka.actor.default-dispatcher-128283 
Updating logkafka view...

2018-06-23 00:02:34,936 - [INFO] - from kafka.manager.actor.KafkaManagerActor in kafka-manager-system-akka.actor.default-dispatcher-128283 
Updating internal state...

2018-06-23 00:02:44,936 - [INFO] - from kafka.manager.actor.KafkaManagerActor in kafka-manager-system-akka.actor.default-dispatcher-128283 
Updating internal state...

2018-06-23 00:02:54,936 - [INFO] - from kafka.manager.actor.KafkaManagerActor in kafka-manager-system-akka.actor.default-dispatcher-128283 
Updating internal state...

2018-06-23 00:02:55,018 - [INFO] - from kafka.manager.actor.cluster.BrokerViewCacheActor in kafka-manager-system-akka.actor.default-dispatcher-128303 
Updating broker view...

2018-06-23 00:02:55,029 - [INFO] - from kafka.manager.logkafka.LogkafkaViewCacheActor in kafka-manager-system-akka.actor.default-dispatcher-128302 
Updating logkafka view...

2018-06-23 00:03:04,937 - [INFO] - from kafka.manager.actor.KafkaManagerActor in kafka-manager-system-akka.actor.default-dispatcher-128307 
Updating internal state...

2018-06-23 00:03:14,935 - [INFO] - from kafka.manager.actor.KafkaManagerActor in kafka-manager-system-akka.actor.default-dispatcher-128305 
Updating internal state...

2018-06-23 00:03:24,936 - [INFO] - from kafka.manager.actor.KafkaManagerActor in kafka-manager-system-akka.actor.default-dispatcher-128305 
Updating internal state...

2018-06-23 00:03:25,025 - [INFO] - from kafka.manager.actor.cluster.BrokerViewCacheActor in kafka-manager-system-akka.actor.default-dispatcher-128306 
Updating broker view...

2018-06-23 00:03:25,025 - [INFO] - from kafka.manager.logkafka.LogkafkaViewCacheActor in kafka-manager-system-akka.actor.default-dispatcher-128306 
Updating logkafka view...

2018-06-23 00:03:34,936 - [INFO] - from kafka.manager.actor.KafkaManagerActor in kafka-manager-system-akka.actor.default-dispatcher-128312 
Updating internal state...

2018-06-23 00:03:44,937 - [INFO] - from kafka.manager.actor.KafkaManagerActor in kafka-manager-system-akka.actor.default-dispatcher-128309 
Updating internal state...

2018-06-23 00:03:54,936 - [INFO] - from kafka.manager.actor.KafkaManagerActor in kafka-manager-system-akka.actor.default-dispatcher-128306 
Updating internal state...

2018-06-23 00:03:55,025 - [INFO] - from kafka.manager.actor.cluster.BrokerViewCacheActor in kafka-manager-system-akka.actor.default-dispatcher-128283 
Updating broker view...

2018-06-23 00:03:55,026 - [INFO] - from kafka.manager.logkafka.LogkafkaViewCacheActor in kafka-manager-system-akka.actor.default-dispatcher-128306 
Updating logkafka view...

2018-06-23 00:04:04,936 - [INFO] - from kafka.manager.actor.KafkaManagerActor in kafka-manager-system-akka.actor.default-dispatcher-128306 
Updating internal state...

2018-06-23 00:04:14,935 - [INFO] - from kafka.manager.actor.KafkaManagerActor in kafka-manager-system-akka.actor.default-dispatcher-128283 
Updating internal state...

2018-06-23 00:04:24,936 - [INFO] - from kafka.manager.actor.KafkaManagerActor in kafka-manager-system-akka.actor.default-dispatcher-128304 
Updating internal state...

2018-06-23 00:04:25,029 - [INFO] - from kafka.manager.actor.cluster.BrokerViewCacheActor in kafka-manager-system-akka.actor.default-dispatcher-128315 
Updating broker view...

2018-06-23 00:04:25,029 - [INFO] - from kafka.manager.logkafka.LogkafkaViewCacheActor in kafka-manager-system-akka.actor.default-dispatcher-128315 
Updating logkafka view...

2018-06-23 00:04:34,936 - [INFO] - from kafka.manager.actor.KafkaManagerActor in kafka-manager-system-akka.actor.default-dispatcher-128317 
Updating internal state...

2018-06-23 00:04:44,936 - [INFO] - from kafka.manager.actor.KafkaManagerActor in kafka-manager-system-akka.actor.default-dispatcher-128306 
Updating internal state...

2018-06-23 00:04:54,936 - [INFO] - from kafka.manager.actor.KafkaManagerActor in kafka-manager-system-akka.actor.default-dispatcher-128314 
Updating internal state...

2018-06-23 00:04:55,026 - [INFO] - from kafka.manager.logkafka.LogkafkaViewCacheActor in kafka-manager-system-akka.actor.default-dispatcher-128304 
Updating logkafka view...

2018-06-23 00:04:55,026 - [INFO] - from kafka.manager.actor.cluster.BrokerViewCacheActor in kafka-manager-system-akka.actor.default-dispatcher-128304 
Updating broker view...

2018-06-23 00:05:04,937 - [INFO] - from kafka.manager.actor.KafkaManagerActor in kafka-manager-system-akka.actor.default-dispatcher-128323 
Updating internal state...

2018-06-23 00:05:14,935 - [INFO] - from kafka.manager.actor.KafkaManagerActor in kafka-manager-system-akka.actor.default-dispatcher-128315 
Updating internal state...

2018-06-23 00:05:24,936 - [INFO] - from kafka.manager.actor.KafkaManagerActor in kafka-manager-system-akka.actor.default-dispatcher-128315 
Updating internal state...

2018-06-23 00:05:25,026 - [INFO] - from kafka.manager.logkafka.LogkafkaViewCacheActor in kafka-manager-system-akka.actor.default-dispatcher-128322 
Updating logkafka view...

2018-06-23 00:05:25,027 - [INFO] - from kafka.manager.actor.cluster.BrokerViewCacheActor in kafka-manager-system-akka.actor.default-dispatcher-128324 
Updating broker view...

2018-06-23 00:05:34,937 - [INFO] - from kafka.manager.actor.KafkaManagerActor in kafka-manager-system-akka.actor.default-dispatcher-128328 
Updating internal state...

2018-06-23 00:05:44,936 - [INFO] - from kafka.manager.actor.KafkaManagerActor in kafka-manager-system-akka.actor.default-dispatcher-128325 
Updating internal state...

2018-06-23 00:05:54,936 - [INFO] - from kafka.manager.actor.KafkaManagerActor in kafka-manager-system-akka.actor.default-dispatcher-128327 
Updating internal state...

2018-06-23 00:05:55,025 - [INFO] - from kafka.manager.actor.cluster.BrokerViewCacheActor in kafka-manager-system-akka.actor.default-dispatcher-128326 
Updating broker view...

2018-06-23 00:05:55,026 - [INFO] - from kafka.manager.logkafka.LogkafkaViewCacheActor in kafka-manager-system-akka.actor.default-dispatcher-128331 
Updating logkafka view...

2018-06-23 00:06:04,936 - [INFO] - from kafka.manager.actor.KafkaManagerActor in kafka-manager-system-akka.actor.default-dispatcher-128326 
Updating internal state...

2018-06-23 00:06:14,935 - [INFO] - from kafka.manager.actor.KafkaManagerActor in kafka-manager-system-akka.actor.default-dispatcher-128326 
Updating internal state...

2018-06-23 00:06:24,936 - [INFO] - from kafka.manager.actor.KafkaManagerActor in kafka-manager-system-akka.actor.default-dispatcher-128326 
Updating internal state...

2018-06-23 00:06:25,027 - [INFO] - from kafka.manager.actor.cluster.BrokerViewCacheActor in kafka-manager-system-akka.actor.default-dispatcher-128329 
Updating broker view...

2018-06-23 00:06:25,027 - [INFO] - from kafka.manager.logkafka.LogkafkaViewCacheActor in kafka-manager-system-akka.actor.default-dispatcher-128329 
Updating logkafka view...

2018-06-23 00:06:34,937 - [INFO] - from kafka.manager.actor.KafkaManagerActor in kafka-manager-system-akka.actor.default-dispatcher-128336 
Updating internal state...

2018-06-23 00:06:44,937 - [INFO] - from kafka.manager.actor.KafkaManagerActor in kafka-manager-system-akka.actor.default-dispatcher-128322 
Updating internal state...

2018-06-23 00:06:54,936 - [INFO] - from kafka.manager.actor.KafkaManagerActor in kafka-manager-system-akka.actor.default-dispatcher-128333 
Updating internal state...

2018-06-23 00:06:55,016 - [INFO] - from kafka.manager.actor.cluster.BrokerViewCacheActor in kafka-manager-system-akka.actor.default-dispatcher-128326 
Updating broker view...

2018-06-23 00:06:55,026 - [INFO] - from kafka.manager.logkafka.LogkafkaViewCacheActor in kafka-manager-system-akka.actor.default-dispatcher-128326 
Updating logkafka view...

2018-06-23 00:07:04,936 - [INFO] - from kafka.manager.actor.KafkaManagerActor in kafka-manager-system-akka.actor.default-dispatcher-128329 
Updating internal state...

2018-06-23 00:07:14,936 - [INFO] - from kafka.manager.actor.KafkaManagerActor in kafka-manager-system-akka.actor.default-dispatcher-128333 
Updating internal state...

2018-06-23 00:07:24,936 - [INFO] - from kafka.manager.actor.KafkaManagerActor in kafka-manager-system-akka.actor.default-dispatcher-128329 
Updating internal state...

2018-06-23 00:07:25,030 - [INFO] - from kafka.manager.logkafka.LogkafkaViewCacheActor in kafka-manager-system-akka.actor.default-dispatcher-128338 
Updating logkafka view...

2018-06-23 00:07:25,030 - [INFO] - from kafka.manager.actor.cluster.BrokerViewCacheActor in kafka-manager-system-akka.actor.default-dispatcher-128338 
Updating broker view...

2018-06-23 00:07:34,936 - [INFO] - from kafka.manager.actor.KafkaManagerActor in kafka-manager-system-akka.actor.default-dispatcher-128335 
Updating internal state...

2018-06-23 00:07:44,936 - [INFO] - from kafka.manager.actor.KafkaManagerActor in kafka-manager-system-akka.actor.default-dispatcher-128341 
Updating internal state...

2018-06-23 00:07:54,936 - [INFO] - from kafka.manager.actor.KafkaManagerActor in kafka-manager-system-akka.actor.default-dispatcher-128341 
Updating internal state...

2018-06-23 00:07:55,028 - [INFO] - from kafka.manager.actor.cluster.BrokerViewCacheActor in kafka-manager-system-akka.actor.default-dispatcher-128344 
Updating broker view...

2018-06-23 00:07:55,028 - [INFO] - from kafka.manager.logkafka.LogkafkaViewCacheActor in kafka-manager-system-akka.actor.default-dispatcher-128344 
Updating logkafka view...

2018-06-23 00:08:04,937 - [INFO] - from kafka.manager.actor.KafkaManagerActor in kafka-manager-system-akka.actor.default-dispatcher-128348 
Updating internal state...

2018-06-23 00:08:14,936 - [INFO] - from kafka.manager.actor.KafkaManagerActor in kafka-manager-system-akka.actor.default-dispatcher-128338 
Updating internal state...

2018-06-23 00:08:24,936 - [INFO] - from kafka.manager.actor.KafkaManagerActor in kafka-manager-system-akka.actor.default-dispatcher-128344 
Updating internal state...

2018-06-23 00:08:25,026 - [INFO] - from kafka.manager.logkafka.LogkafkaViewCacheActor in kafka-manager-system-akka.actor.default-dispatcher-128341 
Updating logkafka view...

2018-06-23 00:08:25,027 - [INFO] - from kafka.manager.actor.cluster.BrokerViewCacheActor in kafka-manager-system-akka.actor.default-dispatcher-128341 
Updating broker view...

2018-06-23 00:08:34,936 - [INFO] - from kafka.manager.actor.KafkaManagerActor in kafka-manager-system-akka.actor.default-dispatcher-128344 
Updating internal state...

2018-06-23 00:08:44,938 - [INFO] - from kafka.manager.actor.KafkaManagerActor in kafka-manager-system-akka.actor.default-dispatcher-128352 
Updating internal state...

2018-06-23 00:08:54,936 - [INFO] - from kafka.manager.actor.KafkaManagerActor in kafka-manager-system-akka.actor.default-dispatcher-128352 
Updating internal state...

2018-06-23 00:08:55,016 - [INFO] - from kafka.manager.actor.cluster.BrokerViewCacheActor in kafka-manager-system-akka.actor.default-dispatcher-128349 
Updating broker view...

2018-06-23 00:08:55,026 - [INFO] - from kafka.manager.logkafka.LogkafkaViewCacheActor in kafka-manager-system-akka.actor.default-dispatcher-128352 
Updating logkafka view...

2018-06-23 00:09:04,936 - [INFO] - from kafka.manager.actor.KafkaManagerActor in kafka-manager-system-akka.actor.default-dispatcher-128353 
Updating internal state...

2018-06-23 00:09:14,936 - [INFO] - from kafka.manager.actor.KafkaManagerActor in kafka-manager-system-akka.actor.default-dispatcher-128349 
Updating internal state...

2018-06-23 00:09:24,936 - [INFO] - from kafka.manager.actor.KafkaManagerActor in kafka-manager-system-akka.actor.default-dispatcher-128353 
Updating internal state...

2018-06-23 00:09:25,026 - [INFO] - from kafka.manager.logkafka.LogkafkaViewCacheActor in kafka-manager-system-akka.actor.default-dispatcher-128355 
Updating logkafka view...

2018-06-23 00:09:25,027 - [INFO] - from kafka.manager.actor.cluster.BrokerViewCacheActor in kafka-manager-system-akka.actor.default-dispatcher-128356 
Updating broker view...

2018-06-23 00:09:34,936 - [INFO] - from kafka.manager.actor.KafkaManagerActor in kafka-manager-system-akka.actor.default-dispatcher-128356 
Updating internal state...

2018-06-23 00:09:44,935 - [INFO] - from kafka.manager.actor.KafkaManagerActor in kafka-manager-system-akka.actor.default-dispatcher-128355 
Updating internal state...

2018-06-23 00:09:54,936 - [INFO] - from kafka.manager.actor.KafkaManagerActor in kafka-manager-system-akka.actor.default-dispatcher-128353 
Updating internal state...

2018-06-23 00:09:55,026 - [INFO] - from kafka.manager.logkafka.LogkafkaViewCacheActor in kafka-manager-system-akka.actor.default-dispatcher-128354 
Updating logkafka view...

2018-06-23 00:09:55,027 - [INFO] - from kafka.manager.actor.cluster.BrokerViewCacheActor in kafka-manager-system-akka.actor.default-dispatcher-128362 
Updating broker view...

2018-06-23 00:10:04,936 - [INFO] - from kafka.manager.actor.KafkaManagerActor in kafka-manager-system-akka.actor.default-dispatcher-128358 
Updating internal state...

2018-06-23 00:10:14,936 - [INFO] - from kafka.manager.actor.KafkaManagerActor in kafka-manager-system-akka.actor.default-dispatcher-128362 
Updating internal state...

2018-06-23 00:10:24,937 - [INFO] - from kafka.manager.actor.KafkaManagerActor in kafka-manager-system-akka.actor.default-dispatcher-128364 
Updating internal state...

2018-06-23 00:10:25,026 - [INFO] - from kafka.manager.actor.cluster.BrokerViewCacheActor in kafka-manager-system-akka.actor.default-dispatcher-128355 
Updating broker view...

2018-06-23 00:10:25,027 - [INFO] - from kafka.manager.logkafka.LogkafkaViewCacheActor in kafka-manager-system-akka.actor.default-dispatcher-128367 
Updating logkafka view...

2018-06-23 00:10:34,938 - [INFO] - from kafka.manager.actor.KafkaManagerActor in kafka-manager-system-akka.actor.default-dispatcher-128368 
Updating internal state...

2018-06-23 00:10:44,935 - [INFO] - from kafka.manager.actor.KafkaManagerActor in kafka-manager-system-akka.actor.default-dispatcher-128361 
Updating internal state...

2018-06-23 00:10:54,936 - [INFO] - from kafka.manager.actor.KafkaManagerActor in kafka-manager-system-akka.actor.default-dispatcher-128355 
Updating internal state...

2018-06-23 00:10:55,029 - [INFO] - from kafka.manager.actor.cluster.BrokerViewCacheActor in kafka-manager-system-akka.actor.default-dispatcher-128365 
Updating broker view...

2018-06-23 00:10:55,030 - [INFO] - from kafka.manager.logkafka.LogkafkaViewCacheActor in kafka-manager-system-akka.actor.default-dispatcher-128365 
Updating logkafka view...

2018-06-23 00:11:04,937 - [INFO] - from kafka.manager.actor.KafkaManagerActor in kafka-manager-system-akka.actor.default-dispatcher-128365 
Updating internal state...

2018-06-23 00:11:14,936 - [INFO] - from kafka.manager.actor.KafkaManagerActor in kafka-manager-system-akka.actor.default-dispatcher-128361 
Updating internal state...

2018-06-23 00:11:24,936 - [INFO] - from kafka.manager.actor.KafkaManagerActor in kafka-manager-system-akka.actor.default-dispatcher-128355 
Updating internal state...

2018-06-23 00:11:25,030 - [INFO] - from kafka.manager.actor.cluster.BrokerViewCacheActor in kafka-manager-system-akka.actor.default-dispatcher-128372 
Updating broker view...

2018-06-23 00:11:25,030 - [INFO] - from kafka.manager.logkafka.LogkafkaViewCacheActor in kafka-manager-system-akka.actor.default-dispatcher-128372 
Updating logkafka view...

2018-06-23 00:11:34,936 - [INFO] - from kafka.manager.actor.KafkaManagerActor in kafka-manager-system-akka.actor.default-dispatcher-128375 
Updating internal state...

2018-06-23 00:11:44,936 - [INFO] - from kafka.manager.actor.KafkaManagerActor in kafka-manager-system-akka.actor.default-dispatcher-128375 
Updating internal state...

2018-06-23 00:11:54,936 - [INFO] - from kafka.manager.actor.KafkaManagerActor in kafka-manager-system-akka.actor.default-dispatcher-128375 
Updating internal state...

2018-06-23 00:11:55,027 - [INFO] - from kafka.manager.logkafka.LogkafkaViewCacheActor in kafka-manager-system-akka.actor.default-dispatcher-128372 
Updating logkafka view...

2018-06-23 00:11:55,041 - [INFO] - from kafka.manager.actor.cluster.BrokerViewCacheActor in kafka-manager-system-akka.actor.default-dispatcher-128374 
Updating broker view...

